        -:    0:Source:unittest1.c
        -:    0:Graph:unittest1.gcno
        -:    0:Data:unittest1.gcda
        -:    0:Runs:1
        -:    0:Programs:1
        -:    1:#include <stdio.h>
        -:    2:#include <string.h>
        -:    3:#include "dominion.h"
        -:    4:#include "assert.h"
        -:    5:#include "rngs.h"
        -:    6:
        -:    7:int compare(const void* a, const void* b);
        -:    8:
        1:    9:int main(int argc, char** argv) {
        -:   10:	int a, b;
        -:   11:	char stringA[10];
        -:   12:	char stringB[10];
        -:   13:
        1:   14:	a = 11;
        1:   15:	b = 10;
        1:   16:	assert(compare(&a, &b) == 1);
        1:   17:	assert(compare(&b, &a) == -1);
        -:   18:	
        1:   19:	a = -6;
        1:   20:	b = -8;
        1:   21:	assert(compare(&a, &b) == 1);
        1:   22:	assert(compare(&b, &a) == -1);
        -:   23:	
        1:   24:	b = a;
        1:   25:	assert(compare(&a, &b) == 0);
        -:   26:	
        1:   27:	strcpy(stringA, "aardvark");
        1:   28:	strcpy(stringB, "bear");
        -:   29:		
        1:   30:	assert(compare(stringB, stringA) == 1);
        1:   31:	assert(compare(stringA, stringB) == -1);
        1:   32:	strcpy(stringA, stringB);
        1:   33:	assert(compare(stringA, stringB) == 0);
        -:   34:	
        1:   35:	printf("compare() passed all tests.\n");
        -:   36:	
        1:   37:	return 1;
        -:   38:}
