        -:    0:Source:dominion.c
        -:    0:Graph:dominion.gcno
        -:    0:Data:dominion.gcda
        -:    0:Runs:1
        -:    0:Programs:1
        -:    1:#include "dominion.h"
        -:    2:#include "dominion_helpers.h"
        -:    3:#include "rngs.h"
        -:    4:#include <stdio.h>
        -:    5:#include <math.h>
        -:    6:#include <stdlib.h>
        -:    7:
     3000:    8:int compare(const void* a, const void* b) {
     3000:    9:  if (*(int*)a > *(int*)b)
    #####:   10:    return 1;
     3000:   11:  if (*(int*)a < *(int*)b)
      800:   12:    return -1;
     2200:   13:  return 0;
        -:   14:}
        -:   15:
    #####:   16:struct gameState* newGame() {
    #####:   17:  struct gameState* g = malloc(sizeof(struct gameState));
    #####:   18:  return g;
        -:   19:}
        -:   20:
    #####:   21:int* kingdomCards(int k1, int k2, int k3, int k4, int k5, int k6, int k7,
        -:   22:		  int k8, int k9, int k10) {
    #####:   23:  int* k = malloc(10 * sizeof(int));
    #####:   24:  k[0] = k1;
    #####:   25:  k[1] = k2;
    #####:   26:  k[2] = k3;
    #####:   27:  k[3] = k4;
    #####:   28:  k[4] = k5;
    #####:   29:  k[5] = k6;
    #####:   30:  k[6] = k7;
    #####:   31:  k[7] = k8;
    #####:   32:  k[8] = k9;
    #####:   33:  k[9] = k10;
    #####:   34:  return k;
        -:   35:}
        -:   36:
      100:   37:int initializeGame(int numPlayers, int kingdomCards[10], int randomSeed,
        -:   38:		   struct gameState *state) {
        -:   39:
        -:   40:  int i;
        -:   41:  int j;
        -:   42:  int it;			
        -:   43:  //set up random number generator
      100:   44:  SelectStream(1);
      100:   45:  PutSeed((long)randomSeed);
        -:   46:  
        -:   47:  //check number of players
      100:   48:  if (numPlayers > MAX_PLAYERS || numPlayers < 2)
        -:   49:    {
    #####:   50:      return -1;
        -:   51:    }
        -:   52:
        -:   53:  //set number of players
      100:   54:  state->numPlayers = numPlayers;
        -:   55:
        -:   56:  //check selected kingdom cards are different
     1100:   57:  for (i = 0; i < 10; i++)
        -:   58:    {
    11000:   59:      for (j = 0; j < 10; j++)
        -:   60:        {
    10000:   61:	  if (j != i && kingdomCards[j] == kingdomCards[i])
        -:   62:	    {
    #####:   63:	      return -1;
        -:   64:	    }
        -:   65:        }
        -:   66:    }
        -:   67:
        -:   68:
        -:   69:  //initialize supply
        -:   70:  ///////////////////////////////
        -:   71:
        -:   72:  //set number of Curse cards
      100:   73:  if (numPlayers == 2)
        -:   74:    {
      100:   75:      state->supplyCount[curse] = 10;
        -:   76:    }
    #####:   77:  else if (numPlayers == 3)
        -:   78:    {
    #####:   79:      state->supplyCount[curse] = 20;
        -:   80:    }
        -:   81:  else
        -:   82:    {
    #####:   83:      state->supplyCount[curse] = 30;
        -:   84:    }
        -:   85:
        -:   86:  //set number of Victory cards
      100:   87:  if (numPlayers == 2)
        -:   88:    {
      100:   89:      state->supplyCount[estate] = 8;
      100:   90:      state->supplyCount[duchy] = 8;
      100:   91:      state->supplyCount[province] = 8;
        -:   92:    }
        -:   93:  else
        -:   94:    {
    #####:   95:      state->supplyCount[estate] = 12;
    #####:   96:      state->supplyCount[duchy] = 12;
    #####:   97:      state->supplyCount[province] = 12;
        -:   98:    }
        -:   99:
        -:  100:  //set number of Treasure cards
      100:  101:  state->supplyCount[copper] = 60 - (7 * numPlayers);
      100:  102:  state->supplyCount[silver] = 40;
      100:  103:  state->supplyCount[gold] = 30;
        -:  104:
        -:  105:  //set number of Kingdom cards
     2100:  106:  for (i = adventurer; i <= treasure_map; i++)       	//loop all cards
        -:  107:    {
    16500:  108:      for (j = 0; j < 10; j++)           		//loop chosen cards
        -:  109:	{
    15500:  110:	  if (kingdomCards[j] == i)
        -:  111:	    {
        -:  112:	      //check if card is a 'Victory' Kingdom card
     1100:  113:	      if (kingdomCards[j] == great_hall || kingdomCards[j] == gardens)
        -:  114:		{
      100:  115:		  if (numPlayers == 2){ 
      100:  116:		    state->supplyCount[i] = 8; 
        -:  117:		  }
    #####:  118:		  else{ state->supplyCount[i] = 12; }
        -:  119:		}
        -:  120:	      else
        -:  121:		{
      900:  122:		  state->supplyCount[i] = 10;
        -:  123:		}
     1000:  124:	      break;
        -:  125:	    }
        -:  126:	  else    //card is not in the set choosen for the game
        -:  127:	    {
    14500:  128:	      state->supplyCount[i] = -1;
        -:  129:	    }
        -:  130:	}
        -:  131:
        -:  132:    }
        -:  133:
        -:  134:  ////////////////////////
        -:  135:  //supply intilization complete
        -:  136:
        -:  137:  //set player decks
      300:  138:  for (i = 0; i < numPlayers; i++)
        -:  139:    {
      200:  140:      state->deckCount[i] = 0;
      800:  141:      for (j = 0; j < 3; j++)
        -:  142:	{
      600:  143:	  state->deck[i][j] = estate;
      600:  144:	  state->deckCount[i]++;
        -:  145:	}
     1600:  146:      for (j = 3; j < 10; j++)
        -:  147:	{
     1400:  148:	  state->deck[i][j] = copper;
     1400:  149:	  state->deckCount[i]++;		
        -:  150:	}
        -:  151:    }
        -:  152:
        -:  153:  //shuffle player decks
      300:  154:  for (i = 0; i < numPlayers; i++)
        -:  155:    {
      200:  156:      if ( shuffle(i, state) < 0 )
        -:  157:	{
    #####:  158:	  return -1;
        -:  159:	}
        -:  160:    }
        -:  161:
        -:  162:  //draw player hands
      300:  163:  for (i = 0; i < numPlayers; i++)
        -:  164:    {  
        -:  165:      //initialize hand size to zero
      200:  166:      state->handCount[i] = 0;
      200:  167:      state->discardCount[i] = 0;
        -:  168:      //draw 5 cards
        -:  169:      // for (j = 0; j < 5; j++)
        -:  170:      //	{
        -:  171:      //	  drawCard(i, state);
        -:  172:      //	}
        -:  173:    }
        -:  174:  
        -:  175:  //set embargo tokens to 0 for all supply piles
     2800:  176:  for (i = 0; i <= treasure_map; i++)
        -:  177:    {
     2700:  178:      state->embargoTokens[i] = 0;
        -:  179:    }
        -:  180:
        -:  181:  //initialize first player's turn
      100:  182:  state->outpostPlayed = 0;
      100:  183:  state->phase = 0;
      100:  184:  state->numActions = 1;
      100:  185:  state->numBuys = 1;
      100:  186:  state->playedCardCount = 0;
      100:  187:  state->whoseTurn = 0;
      100:  188:  state->handCount[state->whoseTurn] = 0;
        -:  189:  //int it; move to top
        -:  190:
        -:  191:  //Moved draw cards to here, only drawing at the start of a turn
      600:  192:  for (it = 0; it < 5; it++){
      500:  193:    drawCard(state->whoseTurn, state);
        -:  194:  }
        -:  195:
      100:  196:  updateCoins(state->whoseTurn, state, 0);
        -:  197:
      100:  198:  return 0;
        -:  199:}
        -:  200:
      200:  201:int shuffle(int player, struct gameState *state) {
        -:  202: 
        -:  203:
        -:  204:  int newDeck[MAX_DECK];
      200:  205:  int newDeckPos = 0;
        -:  206:  int card;
        -:  207:  int i;
        -:  208:
      200:  209:  if (state->deckCount[player] < 1)
    #####:  210:    return -1;
      200:  211:  qsort ((void*)(state->deck[player]), state->deckCount[player], sizeof(int), compare); 
        -:  212:  /* SORT CARDS IN DECK TO ENSURE DETERMINISM! */
        -:  213:
     2400:  214:  while (state->deckCount[player] > 0) {
     2000:  215:    card = floor(Random() * state->deckCount[player]);
     2000:  216:    newDeck[newDeckPos] = state->deck[player][card];
     2000:  217:    newDeckPos++;
     6570:  218:    for (i = card; i < state->deckCount[player]-1; i++) {
     4570:  219:      state->deck[player][i] = state->deck[player][i+1];
        -:  220:    }
     2000:  221:    state->deckCount[player]--;
        -:  222:  }
     2200:  223:  for (i = 0; i < newDeckPos; i++) {
     2000:  224:    state->deck[player][i] = newDeck[i];
     2000:  225:    state->deckCount[player]++;
        -:  226:  }
        -:  227:
      200:  228:  return 0;
        -:  229:}
        -:  230:
      100:  231:int playCard(int handPos, int choice1, int choice2, int choice3, struct gameState *state) 
        -:  232:{	
        -:  233:  int card;
      100:  234:  int coin_bonus = 0; 		//tracks coins gain from actions
        -:  235:
        -:  236:  //check if it is the right phase
      100:  237:  if (state->phase != 0)
        -:  238:    {
    #####:  239:      return -1;
        -:  240:    }
        -:  241:	
        -:  242:  //check if player has enough actions
      100:  243:  if ( state->numActions < 1 )
        -:  244:    {
       11:  245:      return -1;
        -:  246:    }
        -:  247:	
        -:  248:  //get card played
       89:  249:  card = handCard(handPos, state);
        -:  250:	
        -:  251:  //check if selected card is an action
       89:  252:  if ( card < adventurer || card > treasure_map )
        -:  253:    {
    #####:  254:      return -1;
        -:  255:    }
        -:  256:	
        -:  257:  //play card
       89:  258:  if ( cardEffect(card, choice1, choice2, choice3, state, handPos, &coin_bonus) < 0 )
        -:  259:    {
    #####:  260:      return -1;
        -:  261:    }
        -:  262:	
        -:  263:  //reduce number of actions
       89:  264:  state->numActions--;
        -:  265:
        -:  266:  //update coins (Treasure cards may be added with card draws)
       89:  267:  updateCoins(state->whoseTurn, state, coin_bonus);
        -:  268:	
       89:  269:  return 0;
        -:  270:}
        -:  271:
    #####:  272:int buyCard(int supplyPos, struct gameState *state) {
        -:  273:  int who;
    #####:  274:  if (DEBUG){
        -:  275:    printf("Entering buyCard...\n");
        -:  276:  }
        -:  277:
        -:  278:  // I don't know what to do about the phase thing.
        -:  279:
    #####:  280:  who = state->whoseTurn;
        -:  281:
    #####:  282:  if (state->numBuys < 1){
    #####:  283:    if (DEBUG)
        -:  284:      printf("You do not have any buys left\n");
    #####:  285:    return -1;
    #####:  286:  } else if (supplyCount(supplyPos, state) <1){
    #####:  287:    if (DEBUG)
        -:  288:      printf("There are not any of that type of card left\n");
    #####:  289:    return -1;
    #####:  290:  } else if (state->coins < getCost(supplyPos)){
    #####:  291:    if (DEBUG) 
        -:  292:      printf("You do not have enough money to buy that. You have %d coins.\n", state->coins);
    #####:  293:    return -1;
        -:  294:  } else {
    #####:  295:    state->phase=1;
        -:  296:    //state->supplyCount[supplyPos]--;
    #####:  297:    gainCard(supplyPos, state, 0, who); //card goes in discard, this might be wrong.. (2 means goes into hand, 0 goes into discard)
        -:  298:  
    #####:  299:    state->coins = (state->coins) - (getCost(supplyPos));
    #####:  300:    state->numBuys--;
    #####:  301:    if (DEBUG)
        -:  302:      printf("You bought card number %d for %d coins. You now have %d buys and %d coins.\n", supplyPos, getCost(supplyPos), state->numBuys, state->coins);
        -:  303:  }
        -:  304:
        -:  305:  //state->discard[who][state->discardCount[who]] = supplyPos;
        -:  306:  //state->discardCount[who]++;
        -:  307:    
    #####:  308:  return 0;
        -:  309:}
        -:  310:
    #####:  311:int numHandCards(struct gameState *state) {
    #####:  312:  return state->handCount[ whoseTurn(state) ];
        -:  313:}
        -:  314:
       89:  315:int handCard(int handPos, struct gameState *state) {
       89:  316:  int currentPlayer = whoseTurn(state);
       89:  317:  return state->hand[currentPlayer][handPos];
        -:  318:}
        -:  319:
    #####:  320:int supplyCount(int card, struct gameState *state) {
    #####:  321:  return state->supplyCount[card];
        -:  322:}
        -:  323:
    #####:  324:int fullDeckCount(int player, int card, struct gameState *state) {
        -:  325:  int i;
    #####:  326:  int count = 0;
        -:  327:
    #####:  328:  for (i = 0; i < state->deckCount[player]; i++)
        -:  329:    {
    #####:  330:      if (state->deck[player][i] == card) count++;
        -:  331:    }
        -:  332:
    #####:  333:  for (i = 0; i < state->handCount[player]; i++)
        -:  334:    {
    #####:  335:      if (state->hand[player][i] == card) count++;
        -:  336:    }
        -:  337:
    #####:  338:  for (i = 0; i < state->discardCount[player]; i++)
        -:  339:    {
    #####:  340:      if (state->discard[player][i] == card) count++;
        -:  341:    }
        -:  342:
    #####:  343:  return count;
        -:  344:}
        -:  345:
      178:  346:int whoseTurn(struct gameState *state) {
      178:  347:  return state->whoseTurn;
        -:  348:}
        -:  349:
    #####:  350:int endTurn(struct gameState *state) {
        -:  351:  int k;
        -:  352:  int i;
    #####:  353:  int currentPlayer = whoseTurn(state);
        -:  354:  
        -:  355:  //Discard hand
    #####:  356:  for (i = 0; i < state->handCount[currentPlayer]; i++){
    #####:  357:    state->discard[currentPlayer][state->discardCount[currentPlayer]++] = state->hand[currentPlayer][i];//Discard
    #####:  358:    state->hand[currentPlayer][i] = -1;//Set card to -1
        -:  359:  }
    #####:  360:  state->handCount[currentPlayer] = 0;//Reset hand count
        -:  361:    
        -:  362:  //Code for determining the player
    #####:  363:  if (currentPlayer < (state->numPlayers - 1)){ 
    #####:  364:    state->whoseTurn = currentPlayer + 1;//Still safe to increment
        -:  365:  }
        -:  366:  else{
    #####:  367:    state->whoseTurn = 0;//Max player has been reached, loop back around to player 1
        -:  368:  }
        -:  369:
    #####:  370:  state->outpostPlayed = 0;
    #####:  371:  state->phase = 0;
    #####:  372:  state->numActions = 1;
    #####:  373:  state->coins = 0;
    #####:  374:  state->numBuys = 1;
    #####:  375:  state->playedCardCount = 0;
    #####:  376:  state->handCount[state->whoseTurn] = 0;
        -:  377:
        -:  378:  //int k; move to top
        -:  379:  //Next player draws hand
    #####:  380:  for (k = 0; k < 5; k++){
    #####:  381:    drawCard(state->whoseTurn, state);//Draw a card
        -:  382:  }
        -:  383:
        -:  384:  //Update money
    #####:  385:  updateCoins(state->whoseTurn, state , 0);
        -:  386:
    #####:  387:  return 0;
        -:  388:}
        -:  389:
    #####:  390:int isGameOver(struct gameState *state) {
        -:  391:  int i;
        -:  392:  int j;
        -:  393:	
        -:  394:  //if stack of Province cards is empty, the game ends
    #####:  395:  if (state->supplyCount[province] == 0)
        -:  396:    {
    #####:  397:      return 1;
        -:  398:    }
        -:  399:
        -:  400:  //if three supply pile are at 0, the game ends
    #####:  401:  j = 0;
    #####:  402:  for (i = 0; i < 25; i++)
        -:  403:    {
    #####:  404:      if (state->supplyCount[i] == 0)
        -:  405:	{
    #####:  406:	  j++;
        -:  407:	}
        -:  408:    }
    #####:  409:  if ( j >= 3)
        -:  410:    {
    #####:  411:      return 1;
        -:  412:    }
        -:  413:
    #####:  414:  return 0;
        -:  415:}
        -:  416:
    #####:  417:int scoreFor (int player, struct gameState *state) {
        -:  418:
        -:  419:  int i;
    #####:  420:  int score = 0;
        -:  421:  //score from hand
    #####:  422:  for (i = 0; i < state->handCount[player]; i++)
        -:  423:    {
    #####:  424:      if (state->hand[player][i] == curse) { score = score - 1; };
    #####:  425:      if (state->hand[player][i] == estate) { score = score + 1; };
    #####:  426:      if (state->hand[player][i] == duchy) { score = score + 3; };
    #####:  427:      if (state->hand[player][i] == province) { score = score + 6; };
    #####:  428:      if (state->hand[player][i] == great_hall) { score = score + 1; };
    #####:  429:      if (state->hand[player][i] == gardens) { score = score + ( fullDeckCount(player, 0, state) / 10 ); };
        -:  430:    }
        -:  431:
        -:  432:  //score from discard
    #####:  433:  for (i = 0; i < state->discardCount[player]; i++)
        -:  434:    {
    #####:  435:      if (state->discard[player][i] == curse) { score = score - 1; };
    #####:  436:      if (state->discard[player][i] == estate) { score = score + 1; };
    #####:  437:      if (state->discard[player][i] == duchy) { score = score + 3; };
    #####:  438:      if (state->discard[player][i] == province) { score = score + 6; };
    #####:  439:      if (state->discard[player][i] == great_hall) { score = score + 1; };
    #####:  440:      if (state->discard[player][i] == gardens) { score = score + ( fullDeckCount(player, 0, state) / 10 ); };
        -:  441:    }
        -:  442:
        -:  443:  //score from deck
    #####:  444:  for (i = 0; i < state->discardCount[player]; i++)
        -:  445:    {
    #####:  446:      if (state->deck[player][i] == curse) { score = score - 1; };
    #####:  447:      if (state->deck[player][i] == estate) { score = score + 1; };
    #####:  448:      if (state->deck[player][i] == duchy) { score = score + 3; };
    #####:  449:      if (state->deck[player][i] == province) { score = score + 6; };
    #####:  450:      if (state->deck[player][i] == great_hall) { score = score + 1; };
    #####:  451:      if (state->deck[player][i] == gardens) { score = score + ( fullDeckCount(player, 0, state) / 10 ); };
        -:  452:    }
        -:  453:
    #####:  454:  return score;
        -:  455:}
        -:  456:
    #####:  457:int getWinners(int players[MAX_PLAYERS], struct gameState *state) {
        -:  458:  int i;	
        -:  459:  int j;
        -:  460:  int highScore;
        -:  461:  int currentPlayer;
        -:  462:
        -:  463:  //get score for each player
    #####:  464:  for (i = 0; i < MAX_PLAYERS; i++)
        -:  465:    {
        -:  466:      //set unused player scores to -9999
    #####:  467:      if (i >= state->numPlayers)
        -:  468:	{
    #####:  469:	  players[i] = -9999;
        -:  470:	}
        -:  471:      else
        -:  472:	{
    #####:  473:	  players[i] = scoreFor (i, state);
        -:  474:	}
        -:  475:    }
        -:  476:
        -:  477:  //find highest score
    #####:  478:  j = 0;
    #####:  479:  for (i = 0; i < MAX_PLAYERS; i++)
        -:  480:    {
    #####:  481:      if (players[i] > players[j])
        -:  482:	{
    #####:  483:	  j = i;
        -:  484:	}
        -:  485:    }
    #####:  486:  highScore = players[j];
        -:  487:
        -:  488:  //add 1 to players who had less turns
    #####:  489:  currentPlayer = whoseTurn(state);
    #####:  490:  for (i = 0; i < MAX_PLAYERS; i++)
        -:  491:    {
    #####:  492:      if ( players[i] == highScore && i > currentPlayer )
        -:  493:	{
    #####:  494:	  players[i]++;
        -:  495:	}
        -:  496:    }
        -:  497:
        -:  498:  //find new highest score
    #####:  499:  j = 0;
    #####:  500:  for (i = 0; i < MAX_PLAYERS; i++)
        -:  501:    {
    #####:  502:      if ( players[i] > players[j] )
        -:  503:	{
    #####:  504:	  j = i;
        -:  505:	}
        -:  506:    }
    #####:  507:  highScore = players[j];
        -:  508:
        -:  509:  //set winners in array to 1 and rest to 0
    #####:  510:  for (i = 0; i < MAX_PLAYERS; i++)
        -:  511:    {
    #####:  512:      if ( players[i] == highScore )
        -:  513:	{
    #####:  514:	  players[i] = 1;
        -:  515:	}
        -:  516:      else
        -:  517:	{
    #####:  518:	  players[i] = 0;
        -:  519:	}
        -:  520:    }
        -:  521:
    #####:  522:  return 0;
        -:  523:}
        -:  524:
      743:  525:int drawCard(int player, struct gameState *state)
        -:  526:{	int count;
        -:  527:  int deckCounter;
      743:  528:  if (state->deckCount[player] <= 0){//Deck is empty
        -:  529:    
        -:  530:    //Step 1 Shuffle the discard pile back into a deck
        -:  531:    int i;
        -:  532:    //Move discard to deck
    #####:  533:    for (i = 0; i < state->discardCount[player];i++){
    #####:  534:      state->deck[player][i] = state->discard[player][i];
    #####:  535:      state->discard[player][i] = -1;
        -:  536:    }
        -:  537:
    #####:  538:    state->deckCount[player] = state->discardCount[player];
    #####:  539:    state->discardCount[player] = 0;//Reset discard
        -:  540:
        -:  541:    //Shufffle the deck
    #####:  542:    shuffle(player, state);//Shuffle the deck up and make it so that we can draw
        -:  543:   
    #####:  544:    if (DEBUG){//Debug statements
        -:  545:      printf("Deck count now: %d\n", state->deckCount[player]);
        -:  546:    }
        -:  547:    
    #####:  548:    state->discardCount[player] = 0;
        -:  549:
        -:  550:    //Step 2 Draw Card
    #####:  551:    count = state->handCount[player];//Get current player's hand count
        -:  552:    
    #####:  553:    if (DEBUG){//Debug statements
        -:  554:      printf("Current hand count: %d\n", count);
        -:  555:    }
        -:  556:    
    #####:  557:    deckCounter = state->deckCount[player];//Create a holder for the deck count
        -:  558:
    #####:  559:    if (deckCounter == 0)
    #####:  560:      return -1;
        -:  561:
    #####:  562:    state->hand[player][count] = state->deck[player][deckCounter - 1];//Add card to hand
    #####:  563:    state->deckCount[player]--;
    #####:  564:    state->handCount[player]++;//Increment hand count
        -:  565:  }
        -:  566:
        -:  567:  else{
      743:  568:    int count = state->handCount[player];//Get current hand count for player
        -:  569:    int deckCounter;
      743:  570:    if (DEBUG){//Debug statements
        -:  571:      printf("Current hand count: %d\n", count);
        -:  572:    }
        -:  573:
      743:  574:    deckCounter = state->deckCount[player];//Create holder for the deck count
      743:  575:    state->hand[player][count] = state->deck[player][deckCounter - 1];//Add card to the hand
      743:  576:    state->deckCount[player]--;
      743:  577:    state->handCount[player]++;//Increment hand count
        -:  578:  }
        -:  579:
      743:  580:  return 0;
        -:  581:}
        -:  582:
    #####:  583:int getCost(int cardNumber)
        -:  584:{
    #####:  585:  switch( cardNumber ) 
        -:  586:    {
        -:  587:    case curse:
    #####:  588:      return 0;
        -:  589:    case estate:
    #####:  590:      return 2;
        -:  591:    case duchy:
    #####:  592:      return 5;
        -:  593:    case province:
    #####:  594:      return 8;
        -:  595:    case copper:
    #####:  596:      return 0;
        -:  597:    case silver:
    #####:  598:      return 3;
        -:  599:    case gold:
    #####:  600:      return 6;
        -:  601:    case adventurer:
    #####:  602:      return 6;
        -:  603:    case council_room:
    #####:  604:      return 5;
        -:  605:    case feast:
    #####:  606:      return 4;
        -:  607:    case gardens:
    #####:  608:      return 4;
        -:  609:    case mine:
    #####:  610:      return 5;
        -:  611:    case remodel:
    #####:  612:      return 4;
        -:  613:    case smithy:
    #####:  614:      return 4;
        -:  615:    case village:
    #####:  616:      return 3;
        -:  617:    case baron:
    #####:  618:      return 4;
        -:  619:    case great_hall:
    #####:  620:      return 3;
        -:  621:    case minion:
    #####:  622:      return 5;
        -:  623:    case steward:
    #####:  624:      return 3;
        -:  625:    case tribute:
    #####:  626:      return 5;
        -:  627:    case ambassador:
    #####:  628:      return 3;
        -:  629:    case cutpurse:
    #####:  630:      return 4;
        -:  631:    case embargo: 
    #####:  632:      return 2;
        -:  633:    case outpost:
    #####:  634:      return 5;
        -:  635:    case salvager:
    #####:  636:      return 4;
        -:  637:    case sea_hag:
    #####:  638:      return 4;
        -:  639:    case treasure_map:
    #####:  640:      return 4;
        -:  641:    }
        -:  642:	
    #####:  643:  return -1;
        -:  644:}
        -:  645:
       89:  646:int cardEffect(int card, int choice1, int choice2, int choice3, struct gameState *state, int handPos, int *bonus)
        -:  647:{
        -:  648:  int i;
        -:  649:  int j;
        -:  650:  int k;
        -:  651:  int x;
       89:  652:  int currentPlayer = whoseTurn(state);
       89:  653:  int nextPlayer = currentPlayer + 1;
        -:  654:
       89:  655:  int tributeRevealedCards[2] = {-1, -1};
        -:  656:  int temphand[MAX_HAND];// moved above the if statement
       89:  657:  int drawntreasure=0;
        -:  658:  int cardDrawn;
       89:  659:  int z = 0;// this is the counter for the temp hand
       89:  660:  if (nextPlayer > (state->numPlayers - 1)){
    #####:  661:    nextPlayer = 0;
        -:  662:  }
        -:  663:  
        -:  664:	
        -:  665:  //uses switch to select card and perform actions
       89:  666:  switch( card ) 
        -:  667:    {
        -:  668:    case adventurer:
      421:  669:      while(drawntreasure<2){
      243:  670:	if (state->deckCount[currentPlayer] <1){//if the deck is empty we need to shuffle discard and add to deck
    #####:  671:	  shuffle(currentPlayer, state);
        -:  672:	}
      243:  673:	drawCard(currentPlayer, state);
      243:  674:	cardDrawn = state->hand[currentPlayer][state->handCount[currentPlayer]-1];//top card of hand is most recently drawn card.
      421:  675:	if (cardDrawn == copper || cardDrawn == silver || cardDrawn == gold)
      178:  676:	  drawntreasure++;
        -:  677:	else{
       65:  678:	  temphand[z]=cardDrawn;
       65:  679:	  state->handCount[currentPlayer]--; //this should just remove the top card (the most recently drawn one).
       65:  680:	  z++;
        -:  681:	}
        -:  682:      }
      243:  683:      while(z-1>=0){
       65:  684:	state->discard[currentPlayer][state->discardCount[currentPlayer]++]=temphand[z-1]; // discard all cards in play that have been drawn
       65:  685:	z=z-1;
        -:  686:      }
       89:  687:      return 0;
        -:  688:			
        -:  689:    case council_room:
        -:  690:      //+4 Cards
    #####:  691:      for (i = 0; i < 4; i++)
        -:  692:	{
    #####:  693:	  drawCard(currentPlayer, state);
        -:  694:	}
        -:  695:			
        -:  696:      //+1 Buy
    #####:  697:      state->numBuys++;
        -:  698:			
        -:  699:      //Each other player draws a card
    #####:  700:      for (i = 0; i < state->numPlayers; i++)
        -:  701:	{
    #####:  702:	  if ( i != currentPlayer )
        -:  703:	    {
    #####:  704:	      drawCard(i, state);
        -:  705:	    }
        -:  706:	}
        -:  707:			
        -:  708:      //put played card in played card pile
    #####:  709:      discardCard(handPos, currentPlayer, state, 0);
        -:  710:			
    #####:  711:      return 0;
        -:  712:			
        -:  713:    case feast:
        -:  714:      //gain card with cost up to 5
        -:  715:      //Backup hand
    #####:  716:      for (i = 0; i <= state->handCount[currentPlayer]; i++){
    #####:  717:	temphand[i] = state->hand[currentPlayer][i];//Backup card
    #####:  718:	state->hand[currentPlayer][i] = -1;//Set to nothing
        -:  719:      }
        -:  720:      //Backup hand
        -:  721:
        -:  722:      //Update Coins for Buy
    #####:  723:      updateCoins(currentPlayer, state, 5);
    #####:  724:      x = 1;//Condition to loop on
    #####:  725:      while( x == 1) {//Buy one card
    #####:  726:	if (supplyCount(choice1, state) <= 0){
    #####:  727:	  if (DEBUG)
        -:  728:	    printf("None of that card left, sorry!\n");
        -:  729:
    #####:  730:	  if (DEBUG){
        -:  731:	    printf("Cards Left: %d\n", supplyCount(choice1, state));
        -:  732:	  }
        -:  733:	}
    #####:  734:	else if (state->coins < getCost(choice1)){
    #####:  735:	  printf("That card is too expensive!\n");
        -:  736:
    #####:  737:	  if (DEBUG){
        -:  738:	    printf("Coins: %d < %d\n", state->coins, getCost(choice1));
        -:  739:	  }
        -:  740:	}
        -:  741:	else{
        -:  742:
    #####:  743:	  if (DEBUG){
        -:  744:	    printf("Deck Count: %d\n", state->handCount[currentPlayer] + state->deckCount[currentPlayer] + state->discardCount[currentPlayer]);
        -:  745:	  }
        -:  746:
    #####:  747:	  gainCard(choice1, state, 0, currentPlayer);//Gain the card
    #####:  748:	  x = 0;//No more buying cards
        -:  749:
    #####:  750:	  if (DEBUG){
        -:  751:	    printf("Deck Count: %d\n", state->handCount[currentPlayer] + state->deckCount[currentPlayer] + state->discardCount[currentPlayer]);
        -:  752:	  }
        -:  753:
        -:  754:	}
        -:  755:      }     
        -:  756:
        -:  757:      //Reset Hand
    #####:  758:      for (i = 0; i <= state->handCount[currentPlayer]; i++){
    #####:  759:	state->hand[currentPlayer][i] = temphand[i];
    #####:  760:	temphand[i] = -1;
        -:  761:      }
        -:  762:      //Reset Hand
        -:  763:      			
    #####:  764:      return 0;
        -:  765:			
        -:  766:    case gardens:
    #####:  767:      return -1;
        -:  768:			
        -:  769:    case mine:
    #####:  770:      j = state->hand[currentPlayer][choice1];  //store card we will trash
        -:  771:
    #####:  772:      if (state->hand[currentPlayer][choice1] < copper || state->hand[currentPlayer][choice1] > gold)
        -:  773:	{
    #####:  774:	  return -1;
        -:  775:	}
        -:  776:		
    #####:  777:      if (choice2 > treasure_map || choice2 < curse)
        -:  778:	{
    #####:  779:	  return -1;
        -:  780:	}
        -:  781:
    #####:  782:      if ( (getCost(state->hand[currentPlayer][choice1]) + 3) > getCost(choice2) )
        -:  783:	{
    #####:  784:	  return -1;
        -:  785:	}
        -:  786:
    #####:  787:      gainCard(choice2, state, 2, currentPlayer);
        -:  788:
        -:  789:      //discard card from hand
    #####:  790:      discardCard(handPos, currentPlayer, state, 0);
        -:  791:
        -:  792:      //discard trashed card
    #####:  793:      for (i = 0; i < state->handCount[currentPlayer]; i++)
        -:  794:	{
    #####:  795:	  if (state->hand[currentPlayer][i] == j)
        -:  796:	    {
    #####:  797:	      discardCard(i, currentPlayer, state, 0);			
    #####:  798:	      break;
        -:  799:	    }
        -:  800:	}
        -:  801:			
    #####:  802:      return 0;
        -:  803:			
        -:  804:    case remodel:
    #####:  805:      j = state->hand[currentPlayer][choice1];  //store card we will trash
        -:  806:
    #####:  807:      if ( (getCost(state->hand[currentPlayer][choice1]) + 2) > getCost(choice2) )
        -:  808:	{
    #####:  809:	  return -1;
        -:  810:	}
        -:  811:
    #####:  812:      gainCard(choice2, state, 0, currentPlayer);
        -:  813:
        -:  814:      //discard card from hand
    #####:  815:      discardCard(handPos, currentPlayer, state, 0);
        -:  816:
        -:  817:      //discard trashed card
    #####:  818:      for (i = 0; i < state->handCount[currentPlayer]; i++)
        -:  819:	{
    #####:  820:	  if (state->hand[currentPlayer][i] == j)
        -:  821:	    {
    #####:  822:	      discardCard(i, currentPlayer, state, 0);			
    #####:  823:	      break;
        -:  824:	    }
        -:  825:	}
        -:  826:
        -:  827:
    #####:  828:      return 0;
        -:  829:		
        -:  830:    case smithy:
        -:  831:      //+3 Cards
    #####:  832:      for (i = 0; i < 3; i++)
        -:  833:	{
    #####:  834:	  drawCard(currentPlayer, state);
        -:  835:	}
        -:  836:			
        -:  837:      //discard card from hand
    #####:  838:      discardCard(handPos, currentPlayer, state, 0);
    #####:  839:      return 0;
        -:  840:		
        -:  841:    case village:
        -:  842:      //+1 Card
    #####:  843:      drawCard(currentPlayer, state);
        -:  844:			
        -:  845:      //+2 Actions
    #####:  846:      state->numActions = state->numActions + 2;
        -:  847:			
        -:  848:      //discard played card from hand
    #####:  849:      discardCard(handPos, currentPlayer, state, 0);
    #####:  850:      return 0;
        -:  851:		
        -:  852:    case baron:
    #####:  853:      state->numBuys++;//Increase buys by 1!
    #####:  854:      if (choice1 > 0){//Boolean true or going to discard an estate
    #####:  855:	int p = 0;//Iterator for hand!
    #####:  856:	int card_not_discarded = 1;//Flag for discard set!
    #####:  857:	while(card_not_discarded){
    #####:  858:	  if (state->hand[currentPlayer][p] == estate){//Found an estate card!
    #####:  859:	    state->coins += 4;//Add 4 coins to the amount of coins
    #####:  860:	    state->discard[currentPlayer][state->discardCount[currentPlayer]] = state->hand[currentPlayer][p];
    #####:  861:	    state->discardCount[currentPlayer]++;
    #####:  862:	    for (;p < state->handCount[currentPlayer]; p++){
    #####:  863:	      state->hand[currentPlayer][p] = state->hand[currentPlayer][p+1];
        -:  864:	    }
    #####:  865:	    state->hand[currentPlayer][state->handCount[currentPlayer]] = -1;
    #####:  866:	    state->handCount[currentPlayer]--;
    #####:  867:	    card_not_discarded = 0;//Exit the loop
        -:  868:	  }
    #####:  869:	  else if (p > state->handCount[currentPlayer]){
    #####:  870:	    if(DEBUG) {
        -:  871:	      printf("No estate cards in your hand, invalid choice\n");
        -:  872:	      printf("Must gain an estate if there are any\n");
        -:  873:	    }
    #####:  874:	    if (supplyCount(estate, state) > 0){
    #####:  875:	      gainCard(estate, state, 0, currentPlayer);
    #####:  876:	      state->supplyCount[estate]--;//Decrement estates
    #####:  877:	      if (supplyCount(estate, state) == 0){
    #####:  878:		isGameOver(state);
        -:  879:	      }
        -:  880:	    }
    #####:  881:	    card_not_discarded = 0;//Exit the loop
        -:  882:	  }
        -:  883:			    
        -:  884:	  else{
    #####:  885:	    p++;//Next card
        -:  886:	  }
        -:  887:	}
        -:  888:      }
        -:  889:			    
        -:  890:      else{
    #####:  891:	if (supplyCount(estate, state) > 0){
    #####:  892:	  gainCard(estate, state, 0, currentPlayer);//Gain an estate
    #####:  893:	  state->supplyCount[estate]--;//Decrement Estates
    #####:  894:	  if (supplyCount(estate, state) == 0){
    #####:  895:	    isGameOver(state);
        -:  896:	  }
        -:  897:	}
        -:  898:      }
        -:  899:	    
        -:  900:      
    #####:  901:      return 0;
        -:  902:		
        -:  903:    case great_hall:
        -:  904:      //+1 Card
    #####:  905:      drawCard(currentPlayer, state);
        -:  906:			
        -:  907:      //+1 Actions
    #####:  908:      state->numActions++;
        -:  909:			
        -:  910:      //discard card from hand
    #####:  911:      discardCard(handPos, currentPlayer, state, 0);
    #####:  912:      return 0;
        -:  913:		
        -:  914:    case minion:
        -:  915:      //+1 action
    #####:  916:      state->numActions++;
        -:  917:			
        -:  918:      //discard card from hand
    #####:  919:      discardCard(handPos, currentPlayer, state, 0);
        -:  920:			
    #####:  921:      if (choice1)		//+2 coins
        -:  922:	{
    #####:  923:	  state->coins = state->coins + 2;
        -:  924:	}
        -:  925:			
    #####:  926:      else if (choice2)		//discard hand, redraw 4, other players with 5+ cards discard hand and draw 4
        -:  927:	{
        -:  928:	  //discard hand
    #####:  929:	  while(numHandCards(state) > 0)
        -:  930:	    {
    #####:  931:	      discardCard(handPos, currentPlayer, state, 0);
        -:  932:	    }
        -:  933:				
        -:  934:	  //draw 4
    #####:  935:	  for (i = 0; i < 4; i++)
        -:  936:	    {
    #####:  937:	      drawCard(currentPlayer, state);
        -:  938:	    }
        -:  939:				
        -:  940:	  //other players discard hand and redraw if hand size > 4
    #####:  941:	  for (i = 0; i < state->numPlayers; i++)
        -:  942:	    {
    #####:  943:	      if (i != currentPlayer)
        -:  944:		{
    #####:  945:		  if ( state->handCount[i] > 4 )
        -:  946:		    {
        -:  947:		      //discard hand
    #####:  948:		      while( state->handCount[i] > 0 )
        -:  949:			{
    #####:  950:			  discardCard(handPos, i, state, 0);
        -:  951:			}
        -:  952:							
        -:  953:		      //draw 4
    #####:  954:		      for (j = 0; j < 4; j++)
        -:  955:			{
    #####:  956:			  drawCard(i, state);
        -:  957:			}
        -:  958:		    }
        -:  959:		}
        -:  960:	    }
        -:  961:				
        -:  962:	}
    #####:  963:      return 0;
        -:  964:		
        -:  965:    case steward:
    #####:  966:      if (choice1 == 1)
        -:  967:	{
        -:  968:	  //+2 cards
    #####:  969:	  drawCard(currentPlayer, state);
    #####:  970:	  drawCard(currentPlayer, state);
        -:  971:	}
    #####:  972:      else if (choice1 == 2)
        -:  973:	{
        -:  974:	  //+2 coins
    #####:  975:	  state->coins = state->coins + 2;
        -:  976:	}
        -:  977:      else
        -:  978:	{
        -:  979:	  //trash 2 cards in hand
    #####:  980:	  discardCard(choice2, currentPlayer, state, 1);
    #####:  981:	  discardCard(choice3, currentPlayer, state, 1);
        -:  982:	}
        -:  983:			
        -:  984:      //discard card from hand
    #####:  985:      discardCard(handPos, currentPlayer, state, 0);
    #####:  986:      return 0;
        -:  987:		
        -:  988:    case tribute:
    #####:  989:      if ((state->discardCount[nextPlayer] + state->deckCount[nextPlayer]) <= 1){
    #####:  990:	if (state->deckCount[nextPlayer] > 0){
    #####:  991:	  tributeRevealedCards[0] = state->deck[nextPlayer][state->deckCount[nextPlayer]-1];
    #####:  992:	  state->deckCount[nextPlayer]--;
        -:  993:	}
    #####:  994:	else if (state->discardCount[nextPlayer] > 0){
    #####:  995:	  tributeRevealedCards[0] = state->discard[nextPlayer][state->discardCount[nextPlayer]-1];
    #####:  996:	  state->discardCount[nextPlayer]--;
        -:  997:	}
        -:  998:	else{
        -:  999:	  //No Card to Reveal
    #####: 1000:	  if (DEBUG){
        -: 1001:	    printf("No cards to reveal\n");
        -: 1002:	  }
        -: 1003:	}
        -: 1004:      }
        -: 1005:	    
        -: 1006:      else{
    #####: 1007:	if (state->deckCount[nextPlayer] == 0){
    #####: 1008:	  for (i = 0; i < state->discardCount[nextPlayer]; i++){
    #####: 1009:	    state->deck[nextPlayer][i] = state->discard[nextPlayer][i];//Move to deck
    #####: 1010:	    state->deckCount[nextPlayer]++;
    #####: 1011:	    state->discard[nextPlayer][i] = -1;
    #####: 1012:	    state->discardCount[nextPlayer]--;
        -: 1013:	  }
        -: 1014:			    
    #####: 1015:	  shuffle(nextPlayer,state);//Shuffle the deck
        -: 1016:	} 
    #####: 1017:	tributeRevealedCards[0] = state->deck[nextPlayer][state->deckCount[nextPlayer]-1];
    #####: 1018:	state->deck[nextPlayer][state->deckCount[nextPlayer]--] = -1;
    #####: 1019:	state->deckCount[nextPlayer]--;
    #####: 1020:	tributeRevealedCards[1] = state->deck[nextPlayer][state->deckCount[nextPlayer]-1];
    #####: 1021:	state->deck[nextPlayer][state->deckCount[nextPlayer]--] = -1;
    #####: 1022:	state->deckCount[nextPlayer]--;
        -: 1023:      }    
        -: 1024:		       
    #####: 1025:      if (tributeRevealedCards[0] == tributeRevealedCards[1]){//If we have a duplicate card, just drop one 
    #####: 1026:	state->playedCards[state->playedCardCount] = tributeRevealedCards[1];
    #####: 1027:	state->playedCardCount++;
    #####: 1028:	tributeRevealedCards[1] = -1;
        -: 1029:      }
        -: 1030:
    #####: 1031:      for (i = 0; i <= 2; i ++){
    #####: 1032:	if (tributeRevealedCards[i] == copper || tributeRevealedCards[i] == silver || tributeRevealedCards[i] == gold){//Treasure cards
    #####: 1033:	  state->coins += 2;
        -: 1034:	}
        -: 1035:		    
    #####: 1036:	else if (tributeRevealedCards[i] == estate || tributeRevealedCards[i] == duchy || tributeRevealedCards[i] == province || tributeRevealedCards[i] == gardens || tributeRevealedCards[i] == great_hall){//Victory Card Found
    #####: 1037:	  drawCard(currentPlayer, state);
    #####: 1038:	  drawCard(currentPlayer, state);
        -: 1039:	}
        -: 1040:	else{//Action Card
    #####: 1041:	  state->numActions = state->numActions + 2;
        -: 1042:	}
        -: 1043:      }
        -: 1044:	    
    #####: 1045:      return 0;
        -: 1046:		
        -: 1047:    case ambassador:
    #####: 1048:      j = 0;		//used to check if player has enough cards to discard
        -: 1049:
    #####: 1050:      if (choice2 > 2 || choice2 < 0)
        -: 1051:	{
    #####: 1052:	  return -1;				
        -: 1053:	}
        -: 1054:
    #####: 1055:      if (choice1 == handPos)
        -: 1056:	{
    #####: 1057:	  return -1;
        -: 1058:	}
        -: 1059:
    #####: 1060:      for (i = 0; i < state->handCount[currentPlayer]; i++)
        -: 1061:	{
    #####: 1062:	  if (i != handPos && i == state->hand[currentPlayer][choice1] && i != choice1)
        -: 1063:	    {
    #####: 1064:	      j++;
        -: 1065:	    }
        -: 1066:	}
    #####: 1067:      if (j < choice2)
        -: 1068:	{
    #####: 1069:	  return -1;				
        -: 1070:	}
        -: 1071:
    #####: 1072:      if (DEBUG) 
        -: 1073:	printf("Player %d reveals card number: %d\n", currentPlayer, state->hand[currentPlayer][choice1]);
        -: 1074:
        -: 1075:      //increase supply count for choosen card by amount being discarded
    #####: 1076:      state->supplyCount[state->hand[currentPlayer][choice1]] += choice2;
        -: 1077:			
        -: 1078:      //each other player gains a copy of revealed card
    #####: 1079:      for (i = 0; i < state->numPlayers; i++)
        -: 1080:	{
    #####: 1081:	  if (i != currentPlayer)
        -: 1082:	    {
    #####: 1083:	      gainCard(state->hand[currentPlayer][choice1], state, 0, i);
        -: 1084:	    }
        -: 1085:	}
        -: 1086:
        -: 1087:      //discard played card from hand
    #####: 1088:      discardCard(handPos, currentPlayer, state, 0);			
        -: 1089:
        -: 1090:      //trash copies of cards returned to supply
    #####: 1091:      for (j = 0; j < choice2; j++)
        -: 1092:	{
    #####: 1093:	  for (i = 0; i < state->handCount[currentPlayer]; i++)
        -: 1094:	    {
    #####: 1095:	      if (state->hand[currentPlayer][i] == state->hand[currentPlayer][choice1])
        -: 1096:		{
    #####: 1097:		  discardCard(i, currentPlayer, state, 1);
    #####: 1098:		  break;
        -: 1099:		}
        -: 1100:	    }
        -: 1101:	}			
        -: 1102:
    #####: 1103:      return 0;
        -: 1104:		
        -: 1105:    case cutpurse:
        -: 1106:
    #####: 1107:      updateCoins(currentPlayer, state, 2);
    #####: 1108:      for (i = 0; i < state->numPlayers; i++)
        -: 1109:	{
    #####: 1110:	  if (i != currentPlayer)
        -: 1111:	    {
    #####: 1112:	      for (j = 0; j < state->handCount[i]; j++)
        -: 1113:		{
    #####: 1114:		  if (state->hand[i][j] == copper)
        -: 1115:		    {
    #####: 1116:		      discardCard(j, i, state, 0);
    #####: 1117:		      break;
        -: 1118:		    }
    #####: 1119:		  if (j == state->handCount[i])
        -: 1120:		    {
    #####: 1121:		      for (k = 0; k < state->handCount[i]; k++)
        -: 1122:			{
    #####: 1123:			  if (DEBUG)
        -: 1124:			    printf("Player %d reveals card number %d\n", i, state->hand[i][k]);
        -: 1125:			}	
    #####: 1126:		      break;
        -: 1127:		    }		
        -: 1128:		}
        -: 1129:					
        -: 1130:	    }
        -: 1131:				
        -: 1132:	}				
        -: 1133:
        -: 1134:      //discard played card from hand
    #####: 1135:      discardCard(handPos, currentPlayer, state, 0);			
        -: 1136:
    #####: 1137:      return 0;
        -: 1138:
        -: 1139:		
        -: 1140:    case embargo: 
    #####: 1141:		return cardEmbargo(currentPlayer, choice1, state, handPos);
        -: 1142:		
        -: 1143:    case outpost:
    #####: 1144:		return cardOutpost(currentPlayer, state, handPos);
        -: 1145:		
        -: 1146:    case salvager:
    #####: 1147:		return cardSalvager(currentPlayer, choice1, state, handPos);
        -: 1148:		
        -: 1149:    case sea_hag:
    #####: 1150:		return cardSeaHag(currentPlayer, state);
        -: 1151:		
        -: 1152:    case treasure_map:
    #####: 1153:		return cardTreasureMap(currentPlayer, state, handPos);
        -: 1154:    }
        -: 1155:	
    #####: 1156:  return -1;
        -: 1157:}
        -: 1158:
    #####: 1159:int discardCard(int handPos, int currentPlayer, struct gameState *state, int trashFlag)
        -: 1160:{
        -: 1161:	
        -: 1162:  //if card is not trashed, added to Played pile 
    #####: 1163:  if (trashFlag < 1)
        -: 1164:    {
        -: 1165:      //add card to played pile
    #####: 1166:      state->playedCards[state->playedCardCount] = state->hand[currentPlayer][handPos]; 
    #####: 1167:      state->playedCardCount++;
        -: 1168:    }
        -: 1169:	
        -: 1170:  //set played card to -1
    #####: 1171:  state->hand[currentPlayer][handPos] = -1;
        -: 1172:	
        -: 1173:  //remove card from player's hand
    #####: 1174:  if ( handPos == (state->handCount[currentPlayer] - 1) ) 	//last card in hand array is played
        -: 1175:    {
        -: 1176:      //reduce number of cards in hand
    #####: 1177:      state->handCount[currentPlayer]--;
        -: 1178:    }
    #####: 1179:  else if ( state->handCount[currentPlayer] == 1 ) //only one card in hand
        -: 1180:    {
        -: 1181:      //reduce number of cards in hand
    #####: 1182:      state->handCount[currentPlayer]--;
        -: 1183:    }
        -: 1184:  else 	
        -: 1185:    {
        -: 1186:      //replace discarded card with last card in hand
    #####: 1187:      state->hand[currentPlayer][handPos] = state->hand[currentPlayer][ (state->handCount[currentPlayer] - 1)];
        -: 1188:      //set last card to -1
    #####: 1189:      state->hand[currentPlayer][state->handCount[currentPlayer] - 1] = -1;
        -: 1190:      //reduce number of cards in hand
    #####: 1191:      state->handCount[currentPlayer]--;
        -: 1192:    }
        -: 1193:	
    #####: 1194:  return 0;
        -: 1195:}
        -: 1196:
    #####: 1197:int gainCard(int supplyPos, struct gameState *state, int toFlag, int player)
        -: 1198:{
        -: 1199:  //Note: supplyPos is enum of choosen card
        -: 1200:	
        -: 1201:  //check if supply pile is empty (0) or card is not used in game (-1)
    #####: 1202:  if ( supplyCount(supplyPos, state) < 1 )
        -: 1203:    {
    #####: 1204:      return -1;
        -: 1205:    }
        -: 1206:	
        -: 1207:  //added card for [whoseTurn] current player:
        -: 1208:  // toFlag = 0 : add to discard
        -: 1209:  // toFlag = 1 : add to deck
        -: 1210:  // toFlag = 2 : add to hand
        -: 1211:
    #####: 1212:  if (toFlag == 1)
        -: 1213:    {
    #####: 1214:      state->deck[ player ][ state->deckCount[player] ] = supplyPos;
    #####: 1215:      state->deckCount[player]++;
        -: 1216:    }
    #####: 1217:  else if (toFlag == 2)
        -: 1218:    {
    #####: 1219:      state->hand[ player ][ state->handCount[player] ] = supplyPos;
    #####: 1220:      state->handCount[player]++;
        -: 1221:    }
        -: 1222:  else
        -: 1223:    {
    #####: 1224:      state->discard[player][ state->discardCount[player] ] = supplyPos;
    #####: 1225:      state->discardCount[player]++;
        -: 1226:    }
        -: 1227:	
        -: 1228:  //decrease number in supply pile
    #####: 1229:  state->supplyCount[supplyPos]--;
        -: 1230:	 
    #####: 1231:  return 0;
        -: 1232:}
        -: 1233:
      189: 1234:int updateCoins(int player, struct gameState *state, int bonus)
        -: 1235:{
        -: 1236:  int i;
        -: 1237:	
        -: 1238:  //reset coin count
      189: 1239:  state->coins = 0;
        -: 1240:
        -: 1241:  //add coins for each Treasure card in player's hand
     1312: 1242:  for (i = 0; i < state->handCount[player]; i++)
        -: 1243:    {
     1123: 1244:      if (state->hand[player][i] == copper)
        -: 1245:	{
      773: 1246:	  state->coins += 1;
        -: 1247:	}
      350: 1248:      else if (state->hand[player][i] == silver)
        -: 1249:	{
    #####: 1250:	  state->coins += 2;
        -: 1251:	}
      350: 1252:      else if (state->hand[player][i] == gold)
        -: 1253:	{
    #####: 1254:	  state->coins += 3;
        -: 1255:	}	
        -: 1256:    }	
        -: 1257:
        -: 1258:  //add bonus
      189: 1259:  state->coins += bonus;
        -: 1260:
      189: 1261:  return 0;
        -: 1262:}
        -: 1263:
    #####: 1264:int cardEmbargo(int currentPlayer, int choice1, struct gameState *state, int handPos)
        -: 1265:{
        -: 1266:	//+2 Coins
        -: 1267:    //state->coins = state->coins + 2;
        -: 1268:			
        -: 1269:    //see if selected pile is in play
    #####: 1270:    if ( state->supplyCount[choice1] == -1 )
        -: 1271:	{
    #####: 1272:		return -1;
        -: 1273:	}
        -: 1274:			
        -: 1275:    //add embargo token to selected supply pile
    #####: 1276:    state->embargoTokens[choice1]++;
        -: 1277:			
        -: 1278:    //trash card
    #####: 1279:    discardCard(handPos, currentPlayer, state, 1);		
    #####: 1280:    return 0;
        -: 1281:}
        -: 1282:
    #####: 1283:int cardOutpost(int currentPlayer, struct gameState *state, int handPos)
        -: 1284:{
        -: 1285:	//set outpost flag
    #####: 1286:    state->outpostPlayed++;
        -: 1287:			
        -: 1288:    //discard card
    #####: 1289:    discardCard(handPos, currentPlayer, state, 0);
    #####: 1290:    return 0;
        -: 1291:}
        -: 1292:
    #####: 1293:int cardSalvager(int currentPlayer, int choice1, struct gameState *state, int handPos)
        -: 1294:{
        -: 1295:	//+1 buy
        -: 1296:    //state->numBuys++;
        -: 1297:			
    #####: 1298:    if (choice1)
        -: 1299:	{
        -: 1300:		//gain coins equal to trashed card
    #####: 1301:		state->coins = state->coins + getCost( handCard(choice1, state) );
        -: 1302:		//trash card
    #####: 1303:		discardCard(choice1, currentPlayer, state, 1);	
        -: 1304:	}
        -: 1305:			
        -: 1306:    //discard card
    #####: 1307:    discardCard(handPos, currentPlayer, state, 0);
    #####: 1308:    return 0;
        -: 1309:	
        -: 1310:}
        -: 1311:
    #####: 1312:int cardSeaHag(int currentPlayer, struct gameState *state)
        -: 1313:{
        -: 1314:	int i;
    #####: 1315:	for (i = 0; i < state->numPlayers; i++){
    #####: 1316:		if (i != currentPlayer){
    #####: 1317:		  state->discard[i][state->discardCount[i]] = state->deck[i][state->deckCount[i]--];			    state->deckCount[i]--;
    #####: 1318:		  state->discardCount[i]++;
    #####: 1319:		  state->deck[i][state->deckCount[i]--] = curse;//Top card now a curse
        -: 1320:		}
        -: 1321:    }
        -: 1322:	
    #####: 1323:	return 0;
        -: 1324:}
        -: 1325:
    #####: 1326:int cardTreasureMap(int currentPlayer, struct gameState *state, int handPos)
        -: 1327:{
        -: 1328:	//search hand for another treasure_map
    #####: 1329:    int index = -1;
    #####: 1330:	int i = 0;
    #####: 1331:    for (i = 0; i < state->handCount[currentPlayer]; i++)
        -: 1332:	{
    #####: 1333:	    if (state->hand[currentPlayer][i] == treasure_map && i != handPos)
        -: 1334:	    {
    #####: 1335:			index = i;
    #####: 1336:			break;
        -: 1337:	    }
        -: 1338:	}
    #####: 1339:    if (index > -1)
        -: 1340:	{
        -: 1341:		//trash both treasure cards
    #####: 1342:		discardCard(handPos, currentPlayer, state, 1);
    #####: 1343:		discardCard(index, currentPlayer, state, 1);
        -: 1344:
        -: 1345:		//gain 4 Gold cards
    #####: 1346:		for (i = 0; i < 4; i++)
        -: 1347:			{
        -: 1348:				//gainCard(gold, state, 1, currentPlayer);
        -: 1349:			}
        -: 1350:					
        -: 1351:		//return success
    #####: 1352:		return 1;
        -: 1353:	}
        -: 1354:			
        -: 1355:    //no second treasure_map found in hand
    #####: 1356:    return -1;
        -: 1357:	
        -: 1358:}
        -: 1359:
        -: 1360://end of dominion.c
        -: 1361:
