        -:    0:Source:cardtest3.c
        -:    0:Graph:cardtest3.gcno
        -:    0:Data:-
        -:    0:Runs:0
        -:    0:Programs:0
        -:    1:#include "assert.h"
        -:    2:#include "dominion.h"
        -:    3:#include "dominion_helpers.h"
        -:    4:#include <stdlib.h>
        -:    5:#include <stdio.h>
        -:    6:#include "rngs.h"
        -:    7:#include <math.h>
        -:    8:
    #####:    9:int main(int argc, char *argv[]){
    #####:   10:	printf("*** Testing Great Hall Card ***\n");
    #####:   11:	struct gameState *g = newGame();
    #####:   12:	int i= great_hallcard(g, 0, 1);
    #####:   13:	if(i != 0){
    #####:   14:		printf("Test Failed! \n");
        -:   15:	}
    #####:   16:	if (g->numActions -1 == g->numActions)
        -:   17:	{
        -:   18:		printf("Test Failed! \n");
        -:   19:	}
        -:   20:	else{
    #####:   21:		printf("Test Passed! \n");
        -:   22:	}
    #####:   23:	return 0;
        -:   24:
        -:   25:}
